
=== Starting Yate ===
Paneset Draw
Tabset Draw
Paneset Draw
Editor Draw 20
Editor: TESTING
Editor: TEXT
Editor: WHEE
Editor: Does
Editor: this
Editor: WORK
Editor: WOW
Editor Done
=== Starting Yate ===
Paneset Draw
Tabset Draw
Paneset Draw
Editor Draw 20
Editor: TESTING
Editor: TEXT
Editor: WHEE
Editor: Does
Editor: this
Editor: WORK
Editor: WOW
Editor Done
=== Starting Yate ===
Paneset Draw
Tabset Draw
Paneset Draw
Editor Draw 20
Editor: TESTING
Editor: TEXT
Editor: WHEE
Editor: Does
Editor: this
Editor: WORK
Editor: WOW
Editor Done
=== Starting Yate ===
Paneset Draw
Tabset Draw
Paneset Draw
Editor Draw 20
Editor: TESTING
Editor: TEXT
Editor: WHEE
Editor: Does
Editor: this
Editor: WORK
Editor: WOW
Editor Done
=== Starting Yate ===
Paneset Draw
Tabset Draw
Paneset Draw
Editor Draw 20
Editor: TESTING
Editor: TEXT
Editor: WHEE
Editor: Does
Editor: this
Editor: WORK
Editor: WOW
Editor Done
=== Starting Yate ===
Paneset Draw
Tabset Draw
Paneset Draw
Editor Draw 20
Editor: TESTING
Editor: TEXT
Editor: WHEE
Editor: Does
Editor: this
Editor: WORK
Editor: WOW
Editor Done
=== Starting Yate ===
Paneset Draw
Tabset Draw
Paneset Draw
Editor Draw 20
Editor: TESTING
Editor: TEXT
Editor: WHEE
Editor: Does
Editor: this
Editor: WORK
Editor: WOW
Editor Done
=== Starting Yate ===
Paneset Draw
Tabset Draw
Paneset Draw
Editor Draw 20
Editor: TESTING
Editor: TEXT
Editor: WHEE
Editor: Does
Editor: this
Editor: WORK
Editor: WOW
Editor Done
=== Starting Yate ===
Paneset Draw
Tabset Draw
Paneset Draw
Editor Draw 20
Editor: TESTING
Editor: TEXT
Editor: WHEE
Editor: Does
Editor: this
Editor: WORK
Editor: WOW
Editor Done
=== Starting Yate ===
Paneset Draw
Tabset Draw
Paneset Draw
Editor Draw 23
Editor: TESTING
Editor: TEXT
Editor: WHEE
Editor: Does
Editor: this
Editor: WORK
Editor: WOW
Editor Done
=== Starting Yate ===
Paneset Draw
Tabset Draw
Paneset Draw
Editor Draw 23
Editor: TESTING
Editor: TEXT
Editor: WHEE
Editor: Does
Editor: this
Editor: WORK
Editor: WOW
Editor Done
=== Starting Yate ===
Paneset Draw
Tabset Draw
Paneset Draw
Editor Draw 23
Editor: TESTING
Editor: TEXT
Editor: WHEE
Editor: Does
Editor: this
Editor: WORK
Editor: WOW
Editor Done
=== Starting Yate ===
Paneset Draw
Tabset Draw
Paneset Draw
Editor Draw 23
Editor: TESTING
Editor: TEXT
Editor: WHEE
Editor: Does
Editor: this
Editor: WORK
Editor: WOW
Editor Done
=== Starting Yate ===
Paneset Draw
Tabset Draw
Paneset Draw
Editor Draw 23
Editor: TESTING
Editor: TEXT
Editor: WHEE
Editor: Does
Editor: this
Editor: WORK
Editor: WOW
Editor Done
=== Starting Yate ===
Paneset Draw
Tabset Draw
Paneset Draw
Editor Draw 23
Editor: TESTING
Editor: TEXT
Editor: WHEE
Editor: Does
Editor: this
Editor: WORK
Editor: WOW
Editor Done
=== Starting Yate ===
Paneset Draw
Tabset Draw
Paneset Draw
Editor Draw 23
Editor: TESTING
Editor: TEXT
Editor: WHEE
Editor: Does
Editor: this
Editor: WORK
Editor: WOW
Editor Done
=== Starting Yate ===
Paneset Draw
Tabset Draw
Paneset Draw
Editor Draw 23
Editor: TESTING TEXT
Editor: 
Editor: WHEE
Editor: 
Editor: Does this WORK
Editor: 
Editor: WOW
Editor Done
=== Starting Yate ===
Paneset Draw
Tabset Draw
Paneset Draw
Editor Draw 23
Editor: TESTING TEXT
Editor: 
Editor: WHEE
Editor: 
Editor: Does this WORK
Editor: 
Editor: WOW
Editor: 
Editor: 
Editor: 
Editor: 
Editor: 
Editor: 123
Editor: 123
Editor: 123
Editor: 1
Editor Done
=== Starting Yate ===
Paneset Draw
Tabset Draw
Paneset Draw
Editor Draw 23
Editor: TESTING TEXT
Editor: 
Editor: WHEE
Editor: 
Editor: Does this WORK
Editor: 
Editor: WOW
Editor: 
Editor: 
Editor: 
Editor: 
Editor: 
Editor: 123
Editor: 123
Editor: 123
Editor: 1
Editor Done
=== Starting Yate ===
Paneset Draw
Tabset Draw
Paneset Draw
Editor Draw 23
Editor: TESTING TEXT
Editor: 
Editor: WHEE
Editor: 
Editor: Does this WORK
Editor: 
Editor: WOW
Editor: 
Editor: 
Editor: 
Editor: 
Editor: 
Editor: 123
Editor: 123
Editor: 123
Editor: 1
Editor Done
=== Starting Yate ===
Paneset Draw
Tabset Draw
Paneset Draw
Editor Draw 23
Editor: TESTING TEXT
Editor: 
Editor: WHEE
Editor: 
Editor: Does this WORK
Editor: 
Editor: WOW
Editor: 
Editor: 
Editor: 
Editor: 
Editor: 
Editor: 123
Editor: 123
Editor: 123
Editor: 1
Editor Done
=== Starting Yate ===
Paneset Draw
Tabset Draw
Paneset Draw
Editor Draw 23
Editor: TESTING TEXT
Editor: 
Editor: WHEE
Editor: 
Editor: Does this WORK
Editor: 
Editor: WOW
Editor: 
Editor: 
Editor: 
Editor: 
Editor: 
Editor: 123
Editor: 123
Editor: 123
Editor: 1
Editor Done
=== Starting Yate ===
Paneset Draw
Tabset Draw
Paneset Draw
Editor Draw 23
Editor: TESTING TEXT
Editor: 
Editor: WHEE
Editor: 
Editor: Does this WORK
Editor: 
Editor: WOW
Editor: 
Editor: 
Editor: 
Editor: 
Editor: 
Editor: 123
Editor: 123
Editor: 123
Editor: 1
Editor Done
=== Starting Yate ===
Paneset Draw
Tabset Draw
Paneset Draw
Editor Draw 23
Editor: TESTING TEXT
Editor: 
Editor: WHEE
Editor: 
Editor: Does this WORK
Editor: 
Editor: WOW
Editor: 
Editor: 
Editor: 
Editor: 
Editor: 
Editor: 123
Editor: 123
Editor: 123
Editor: 1
Editor Done
=== Starting Yate ===
Paneset Draw
Tabset Draw
Paneset Draw
Editor Draw 23
Editor: TESTING TEXT
Editor: 
Editor: WHEE
Editor: 
Editor: Does this WORK
Editor: 
Editor: WOW
Editor: 
Editor: 
Editor: 
Editor: 
Editor: 
Editor: 123
Editor: 123
Editor: 123
Editor: 1
Editor Done
=== Starting Yate ===
Paneset Draw
Tabset Draw
Paneset Draw
Editor Draw 23
Editor: TESTING TEXT
Editor: 
Editor: WHEE
Editor: 
Editor: Does this WORK
Editor: 
Editor: WOW
Editor: 
Editor: 
Editor: 
Editor: 
Editor: 
Editor: 123
Editor: 123
Editor: 123
Editor: 1
Editor Done
=== Starting Yate ===
Paneset Draw
Tabset Draw
Paneset Draw
Editor Draw 23
Editor: TESTING TEXT
Editor: 
Editor: WHEE
Editor: 
Editor: Does this WORK
Editor: 
Editor: WOW
Editor: 
Editor: 
Editor: 
Editor: 
Editor: 
Editor: 123
Editor: 123
Editor: 123
Editor: 1
Editor Done
=== Starting Yate ===
Paneset Draw
Tabset Draw
Paneset Draw
Editor Draw 23
Editor: TESTING TEXT
Editor: 
Editor: WHEE
Editor: 
Editor: Does this WORK
Editor: 
Editor: WOW
Editor: 
Editor: 
Editor: 
Editor: 
Editor: 
Editor: 123
Editor: 123
Editor: 123
Editor: 1
Editor Done
=== Starting Yate ===
Paneset Draw
Tabset Draw
Paneset Draw
Editor Draw 23
Editor: TESTING TEXT
Editor: 
Editor: WHEE
Editor: 
Editor: Does this WORK
Editor: 
Editor: WOW
Editor: 
Editor: 
Editor: 
Editor: 
Editor: 
Editor: 123
Editor: 123
Editor: 123
Editor: 1
Editor Done
=== Starting Yate ===
Paneset Draw
Tabset Draw
Paneset Draw
Editor Draw 23
Editor: TESTING TEXT
Editor: 
Editor: WHEE
Editor: 
Editor: Does this WORK
Editor: 
Editor: WOW
Editor: 
Editor: 
Editor: 
Editor: 
Editor: 
Editor: 123
Editor: 123
Editor: 123
Editor: 1
Editor Done
=== Starting Yate ===
Paneset Draw
Tabset Draw
Paneset Draw
Editor Draw 23
Editor: TESTING TEXT
Editor: 
Editor: WHEE
Editor: 
Editor: Does this WORK
Editor: 
Editor: WOW
Editor: 
Editor: 
Editor: 
Editor: 
Editor: 
Editor: 123
Editor: 123
Editor: 123
Editor: 1
Editor Done
=== Starting Yate ===
Paneset Draw
Tabset Draw
Paneset Draw
Editor Draw 23
Editor: TESTING TEXT
Editor: 
Editor: WHEE
Editor: 
Editor: Does this WORK
Editor: 
Editor: WOW
Editor: 
Editor: 
Editor: 
Editor: 
Editor: 
Editor: 123
Editor: 123
Editor: 123
Editor: 1
Editor Done
